Automated update on Fri Feb 27 19:19:48 UTC 2026
Automated update on Sat Feb 28 09:49:06 UTC 2026
Automated update on Sun Mar  1 09:52:32 UTC 2026
Automated update on Mon Mar  2 10:12:09 UTC 2026
Automated update on Tue Mar  3 10:07:14 UTC 2026
Automated update on Wed Mar  4 10:04:59 UTC 2026
Automated update on Thu Mar  5 10:08:29 UTC 2026
Automated update on Fri Mar  6 10:03:06 UTC 2026
Automated update on Sat Mar  7 09:51:35 UTC 2026
Automated update on Sun Mar  8 09:52:53 UTC 2026
Automated update on Mon Mar  9 10:25:26 UTC 2026
Automated update on Tue Mar 10 10:07:23 UTC 2026
Automated update on Wed Mar 11 10:08:12 UTC 2026
Automated update on Thu Mar 12 10:08:23 UTC 2026
Automated update on Fri Mar 13 10:04:09 UTC 2026
Automated update on Sat Mar 14 09:56:55 UTC 2026
Automated update on Sun Mar 15 09:57:40 UTC 2026
Automated update on Mon Mar 16 10:35:48 UTC 2026
Automated update on Tue Mar 17 10:26:00 UTC 2026
Automated update on Wed Mar 18 10:29:23 UTC 2026
Automated update on Thu Mar 19 10:08:36 UTC 2026
Automated update on Fri Mar 20 10:05:45 UTC 2026
Automated update on Sat Mar 21 09:54:37 UTC 2026
Automated update on Sun Mar 22 09:55:48 UTC 2026
Automated update on Mon Mar 23 10:32:15 UTC 2026
Automated update on Tue Mar 24 10:27:01 UTC 2026
Automated update on Wed Mar 25 10:26:53 UTC 2026
Automated update on Thu Mar 26 10:29:38 UTC 2026
Automated update on Fri Mar 27 10:11:58 UTC 2026
Automated update on Sat Mar 28 10:01:21 UTC 2026
Automated update on Sun Mar 29 10:01:49 UTC 2026
Automated update on Mon Mar 30 10:45:07 UTC 2026
Automated update on Tue Mar 31 10:34:36 UTC 2026
Automated update on Wed Apr  1 10:34:26 UTC 2026
Automated update on Thu Apr  2 10:30:20 UTC 2026
Automated update on Fri Apr  3 10:08:51 UTC 2026
Automated update on Sat Apr  4 10:02:49 UTC 2026
Automated update on Sun Apr  5 10:03:25 UTC 2026
